<?xml version="1.0" encoding="UTF-8"?>
<testsuite xmlns:xsi="http://www.w3.org/2001/XMLSchema-instance" xsi:noNamespaceSchemaLocation="https://maven.apache.org/surefire/maven-surefire-plugin/xsd/surefire-test-report.xsd" name="test.java.com.restassuredatividade.GetStatusCodeTest" time="4.972" tests="1" errors="1" skipped="0" failures="0">
  <properties>
[...]
</properties>
  <testcase name="getStatusCodeOK" classname="test.java.com.restassuredatividade.GetStatusCodeTest" time="3.389">
    <error message="class io.restassured.path.xml.XmlPath cannot be cast to class io.restassured.response.ValidatableResponseOptions (io.restassured.path.xml.XmlPath and io.restassured.response.ValidatableResponseOptions are in unnamed module of loader &apos;app&apos;)" type="java.lang.ClassCastException">java.lang.ClassCastException: class io.restassured.path.xml.XmlPath cannot be cast to class io.restassured.response.ValidatableResponseOptions (io.restassured.path.xml.XmlPath and io.restassured.response.ValidatableResponseOptions are in unnamed module of loader 'app')
	at test.java.com.restassuredatividade.GetStatusCodeTest.getStatusCodeOK(GetStatusCodeTest.java:23)
</error>
  </testcase>
</testsuite>