<?xml version="1.0" encoding="UTF-8"?>
<testsuite xmlns:xsi="http://www.w3.org/2001/XMLSchema-instance" xsi:noNamespaceSchemaLocation="https://maven.apache.org/surefire/maven-surefire-plugin/xsd/surefire-test-report.xsd" name="test.java.com.restassuredatividade.GetStatusCodeTest" time="7.461" tests="2" errors="0" skipped="0" failures="1">
  <properties>
[...]
</properties>
  <testcase name="getStatusCodeNOK" classname="test.java.com.restassuredatividade.GetStatusCodeTest" time="5.061">
    <failure message="expected: &lt;Page Not Found&gt; but was: &lt;null&gt;" type="org.opentest4j.AssertionFailedError"><![CDATA[org.opentest4j.AssertionFailedError: expected: <Page Not Found> but was: <null>
	at test.java.com.restassuredatividade.GetStatusCodeTest.getStatusCodeNOK(GetStatusCodeTest.java:30)
]]></failure>
  </testcase>
  <testcase name="getStatusCodeOK" classname="test.java.com.restassuredatividade.GetStatusCodeTest" time="1.017"/>
</testsuite>